[debug] [2024-04-05T12:26:55.132Z] ----------------------------------------------------------------------
[debug] [2024-04-05T12:26:55.134Z] Command:       C:\Program Files\nodejs\node.exe C:\Users\tsvetan\AppData\Roaming\npm\node_modules\firebase-tools\lib\bin\firebase.js init
[debug] [2024-04-05T12:26:55.135Z] CLI Version:   13.7.0
[debug] [2024-04-05T12:26:55.135Z] Platform:      win32
[debug] [2024-04-05T12:26:55.135Z] Node Version:  v20.11.1
[debug] [2024-04-05T12:26:55.135Z] Time:          Fri Apr 05 2024 15:26:55 GMT+0300 (Eastern European Summer Time)
[debug] [2024-04-05T12:26:55.135Z] ----------------------------------------------------------------------
[debug] 
[debug] [2024-04-05T12:26:55.202Z] > command requires scopes: ["email","openid","https://www.googleapis.com/auth/cloudplatformprojects.readonly","https://www.googleapis.com/auth/firebase","https://www.googleapis.com/auth/cloud-platform"]
[debug] [2024-04-05T12:26:55.202Z] > authorizing via signed-in user (kaloyandi13@gmail.com)
[info] 
     ######## #### ########  ######## ########     ###     ######  ########
     ##        ##  ##     ## ##       ##     ##  ##   ##  ##       ##
     ######    ##  ########  ######   ########  #########  ######  ######
     ##        ##  ##    ##  ##       ##     ## ##     ##       ## ##
     ##       #### ##     ## ######## ########  ##     ##  ######  ########

You're about to initialize a Firebase project in this directory:

  C:\Users\tsvetan\Documents\Angular revisit\noted

Before we get started, keep in mind:

  * You are initializing within an existing Firebase project directory

